usbCameraTest7/build/intermediates/manifest_merge_blame_file/debug/manifest-merger-blame-debug-report.txt
1<?xml version="1.0" encoding="utf-8"?>
2<!--
3  ~  UVCCamera
4  ~  library and sample to access to UVC web camera on non-rooted Android device
5  ~
6  ~ Copyright (c) 2014-2017 saki t_saki@serenegiant.com
7  ~
8  ~  Licensed under the Apache License, Version 2.0 (the "License");
9  ~  you may not use this file except in compliance with the License.
10  ~   You may obtain a copy of the License at
11  ~
12  ~      http://www.apache.org/licenses/LICENSE-2.0
13  ~
14  ~   Unless required by applicable law or agreed to in writing, software
15  ~   distributed under the License is distributed on an "AS IS" BASIS,
16  ~   WITHOUT WARRANTIES OR CONDITIONS OF ANY KIND, either express or implied.
17  ~   See the License for the specific language governing permissions and
18  ~   limitations under the License.
19  ~
20  ~  All files in the folder are under this Apache License, Version 2.0.
21  ~  Files in the libjpeg-turbo, libusb, libuvc, rapidjson folder
22  ~  may have a different license, see the respective files.
23-->
24<manifest xmlns:android="http://schemas.android.com/apk/res/android"
25    package="com.serenegiant.usbcameratest7" >
26
27    <uses-sdk android:minSdkVersion="24" />
27-->src\main\AndroidManifest.xml
28
29    <uses-permission android:name="android.permission.RECORD_AUDIO" />
29-->src\main\AndroidManifest.xml:27:2-67
29-->src\main\AndroidManifest.xml:27:19-65
30    <uses-permission android:name="android.permission.WRITE_EXTERNAL_STORAGE" />
30-->src\main\AndroidManifest.xml:28:2-77
30-->src\main\AndroidManifest.xml:28:19-75
31
32    <uses-feature
32-->src\main\AndroidManifest.xml:30:2-75
33        android:glEsVersion="0x00020000"
33-->src\main\AndroidManifest.xml:30:16-48
34        android:required="true" />
34-->src\main\AndroidManifest.xml:30:49-72
35
36    <application
36-->src\main\AndroidManifest.xml:32:5-46:19
37        android:allowBackup="true"
37-->src\main\AndroidManifest.xml:33:9-35
38        android:icon="@drawable/ic_launcher"
38-->src\main\AndroidManifest.xml:34:9-45
39        android:label="@string/app_name"
39-->src\main\AndroidManifest.xml:35:9-41
40        android:theme="@style/AppTheme" >
40-->src\main\AndroidManifest.xml:36:9-40
41        <activity
41-->src\main\AndroidManifest.xml:37:9-45:20
42            android:name="com.serenegiant.usbcameratest7.MainActivity"
42-->src\main\AndroidManifest.xml:38:13-71
43            android:label="@string/app_name"
43-->src\main\AndroidManifest.xml:39:13-45
44            android:screenOrientation="sensorLandscape" >
44-->src\main\AndroidManifest.xml:40:13-56
45            <intent-filter>
45-->src\main\AndroidManifest.xml:41:13-44:29
46                <action android:name="android.intent.action.MAIN" />
46-->src\main\AndroidManifest.xml:42:17-69
46-->src\main\AndroidManifest.xml:42:25-66
47
48                <category android:name="android.intent.category.LAUNCHER" />
48-->src\main\AndroidManifest.xml:43:17-77
48-->src\main\AndroidManifest.xml:43:27-74
49            </intent-filter>
50        </activity>
51    </application>
52
53</manifest>